<?xml version="1.0" encoding="UTF-8"?>
<!-- Generated by org.testng.reporters.JUnitReportReporter -->
<testsuite hostname="IB-Pune-LAP-329" failures="0" tests="3" name="com.RESTAPI.UserReposTest" time="3.381" errors="0" timestamp="2023-08-31T02:35:42 IST" skipped="0">
  <testcase classname="com.RESTAPI.UserReposTest" name="createRepo" time="1.938"/>
  <testcase classname="com.RESTAPI.UserReposTest" name="getAllRepo" time="0.839"/>
  <testcase classname="com.RESTAPI.UserReposTest" name="getUserRepo" time="0.604"/>
</testsuite> <!-- com.RESTAPI.UserReposTest -->
