<?xml version="1.0" encoding="UTF-8"?>
<!-- Generated by org.testng.reporters.JUnitReportReporter -->
<testsuite hostname="IB-Pune-LAP-329" failures="0" tests="5" name="com.RESTAPI.UserFiles" time="4.087" errors="0" timestamp="2023-08-31T02:35:42 IST" skipped="0">
  <testcase classname="com.RESTAPI.UserFiles" name="createFile" time="0.718"/>
  <testcase classname="com.RESTAPI.UserFiles" name="getFile" time="0.643"/>
  <testcase classname="com.RESTAPI.UserFiles" name="updateFile" time="1.349"/>
  <testcase classname="com.RESTAPI.UserFiles" name="deleteFile" time="0.749"/>
  <testcase classname="com.RESTAPI.UserFiles" name="deleteUserRepo" time="0.628"/>
</testsuite> <!-- com.RESTAPI.UserFiles -->
