<?xml version="1.0" encoding="UTF-8"?>
<!-- Generated by org.testng.reporters.JUnitReportReporter -->
<testsuite hostname="IB-Pune-LAP-329" failures="0" tests="1" name="com.RESTAPI.UserProfileTest" time="3.192" errors="0" timestamp="2023-08-31T02:35:42 IST" skipped="0">
  <testcase classname="com.RESTAPI.UserProfileTest" name="getUserProfile" time="3.192"/>
</testsuite> <!-- com.RESTAPI.UserProfileTest -->
