<?xml version="1.0" encoding="UTF-8"?>
<!-- Generated by org.testng.reporters.JUnitReportReporter -->
<testsuite hostname="IB-Pune-LAP-329" failures="0" tests="9" name="com.RESTAPI.UserProfileTest" time="9.146" errors="0" timestamp="2023-08-14T00:38:34 IST" skipped="0">
  <testcase classname="com.RESTAPI.UserProfileTest" name="getUserProfile" time="2.737"/>
  <system-out/>
  <testcase classname="com.RESTAPI.UserProfileTest" name="createRepo" time="1.639"/>
  <system-out/>
  <testcase classname="com.RESTAPI.UserProfileTest" name="getAllRepo" time="0.739"/>
  <system-out/>
  <testcase classname="com.RESTAPI.UserProfileTest" name="getUserRepo" time="0.549"/>
  <system-out/>
  <testcase classname="com.RESTAPI.UserProfileTest" name="createFile" time="0.632"/>
  <system-out/>
  <testcase classname="com.RESTAPI.UserProfileTest" name="getFile" time="0.478"/>
  <system-out/>
  <testcase classname="com.RESTAPI.UserProfileTest" name="updateFile" time="1.010"/>
  <system-out/>
  <testcase classname="com.RESTAPI.UserProfileTest" name="deleteFile" time="0.855"/>
  <system-out/>
  <testcase classname="com.RESTAPI.UserProfileTest" name="deleteUserRepo" time="0.507"/>
  <system-out/>
</testsuite> <!-- com.RESTAPI.UserProfileTest -->
